Determining if the pthread_create exist failed with the following output:
Change Dir: /mnt/hgfs/Assignments/homework8/Assignment8/build/CMakeFiles/CMakeTmp

Run Build Command:"/usr/bin/make" "cmTC_2186c/fast"
/usr/bin/make -f CMakeFiles/cmTC_2186c.dir/build.make CMakeFiles/cmTC_2186c.dir/build
make[1]: Entering directory '/mnt/hgfs/Assignments/homework8/Assignment8/build/CMakeFiles/CMakeTmp'
Building C object CMakeFiles/cmTC_2186c.dir/CheckSymbolExists.c.o
/usr/bin/cc    -o CMakeFiles/cmTC_2186c.dir/CheckSymbolExists.c.o   -c /mnt/hgfs/Assignments/homework8/Assignment8/build/CMakeFiles/CMakeTmp/CheckSymbolExists.c
Linking C executable cmTC_2186c
/home/kung/download/cmake-3.13.0-Linux-x86_64/bin/cmake -E cmake_link_script CMakeFiles/cmTC_2186c.dir/link.txt --verbose=1
/usr/bin/cc      -rdynamic CMakeFiles/cmTC_2186c.dir/CheckSymbolExists.c.o  -o cmTC_2186c 
CMakeFiles/cmTC_2186c.dir/CheckSymbolExists.c.o：在函数‘main’中：
CheckSymbolExists.c:(.text+0x16)：对‘pthread_create’未定义的引用
collect2: error: ld returned 1 exit status
CMakeFiles/cmTC_2186c.dir/build.make:86: recipe for target 'cmTC_2186c' failed
make[1]: *** [cmTC_2186c] Error 1
make[1]: Leaving directory '/mnt/hgfs/Assignments/homework8/Assignment8/build/CMakeFiles/CMakeTmp'
Makefile:121: recipe for target 'cmTC_2186c/fast' failed
make: *** [cmTC_2186c/fast] Error 2

File /mnt/hgfs/Assignments/homework8/Assignment8/build/CMakeFiles/CMakeTmp/CheckSymbolExists.c:
/* */
#include <pthread.h>

int main(int argc, char** argv)
{
  (void)argv;
#ifndef pthread_create
  return ((int*)(&pthread_create))[argc];
#else
  (void)argc;
  return 0;
#endif
}

Determining if the function pthread_create exists in the pthreads failed with the following output:
Change Dir: /mnt/hgfs/Assignments/homework8/Assignment8/build/CMakeFiles/CMakeTmp

Run Build Command:"/usr/bin/make" "cmTC_2671e/fast"
/usr/bin/make -f CMakeFiles/cmTC_2671e.dir/build.make CMakeFiles/cmTC_2671e.dir/build
make[1]: Entering directory '/mnt/hgfs/Assignments/homework8/Assignment8/build/CMakeFiles/CMakeTmp'
Building C object CMakeFiles/cmTC_2671e.dir/CheckFunctionExists.c.o
/usr/bin/cc   -DCHECK_FUNCTION_EXISTS=pthread_create   -o CMakeFiles/cmTC_2671e.dir/CheckFunctionExists.c.o   -c /home/kung/download/cmake-3.13.0-Linux-x86_64/share/cmake-3.13/Modules/CheckFunctionExists.c
Linking C executable cmTC_2671e
/home/kung/download/cmake-3.13.0-Linux-x86_64/bin/cmake -E cmake_link_script CMakeFiles/cmTC_2671e.dir/link.txt --verbose=1
/usr/bin/cc  -DCHECK_FUNCTION_EXISTS=pthread_create    -rdynamic CMakeFiles/cmTC_2671e.dir/CheckFunctionExists.c.o  -o cmTC_2671e -lpthreads 
/usr/bin/ld: 找不到 -lpthreads
collect2: error: ld returned 1 exit status
CMakeFiles/cmTC_2671e.dir/build.make:86: recipe for target 'cmTC_2671e' failed
make[1]: *** [cmTC_2671e] Error 1
make[1]: Leaving directory '/mnt/hgfs/Assignments/homework8/Assignment8/build/CMakeFiles/CMakeTmp'
Makefile:121: recipe for target 'cmTC_2671e/fast' failed
make: *** [cmTC_2671e/fast] Error 2


Determining if the function glXGetProcAddressEXT exists failed with the following output:
Change Dir: /mnt/hgfs/Assignments/homework8/Assignment8/build/CMakeFiles/CMakeTmp

Run Build Command:"/usr/bin/make" "cmTC_038c1/fast"
/usr/bin/make -f CMakeFiles/cmTC_038c1.dir/build.make CMakeFiles/cmTC_038c1.dir/build
make[1]: Entering directory '/mnt/hgfs/Assignments/homework8/Assignment8/build/CMakeFiles/CMakeTmp'
Building C object CMakeFiles/cmTC_038c1.dir/CheckFunctionExists.c.o
/usr/bin/cc   -DCHECK_FUNCTION_EXISTS=glXGetProcAddressEXT   -o CMakeFiles/cmTC_038c1.dir/CheckFunctionExists.c.o   -c /home/kung/download/cmake-3.13.0-Linux-x86_64/share/cmake-3.13/Modules/CheckFunctionExists.c
Linking C executable cmTC_038c1
/home/kung/download/cmake-3.13.0-Linux-x86_64/bin/cmake -E cmake_link_script CMakeFiles/cmTC_038c1.dir/link.txt --verbose=1
/usr/bin/cc  -DCHECK_FUNCTION_EXISTS=glXGetProcAddressEXT    -rdynamic CMakeFiles/cmTC_038c1.dir/CheckFunctionExists.c.o  -o cmTC_038c1 /usr/lib/x86_64-linux-gnu/libGL.so 
CMakeFiles/cmTC_038c1.dir/CheckFunctionExists.c.o：在函数‘main’中：
CheckFunctionExists.c:(.text+0x10)：对‘glXGetProcAddressEXT’未定义的引用
collect2: error: ld returned 1 exit status
CMakeFiles/cmTC_038c1.dir/build.make:87: recipe for target 'cmTC_038c1' failed
make[1]: *** [cmTC_038c1] Error 1
make[1]: Leaving directory '/mnt/hgfs/Assignments/homework8/Assignment8/build/CMakeFiles/CMakeTmp'
Makefile:121: recipe for target 'cmTC_038c1/fast' failed
make: *** [cmTC_038c1/fast] Error 2


